
> react-typescript-starter@0.1.0 test
> react-scripts test

Browserslist: caniuse-lite is outdated. Please run:
  npx browserslist@latest --update-db
  Why you should do it regularly: https://github.com/browserslist/browserslist#browsers-data-updating
FAIL src/arrays.test.ts
  ● Testing the array functions › Testing the injectPositive function

    expect(received).toEqual(expected) // deep equality

    - Expected  - 1
    + Received  + 0

      Array [
        1,
        2,
        3,
    -   6,
      ]

      263 |     // injectPositive
      264 |     test("Testing the injectPositive function", () => {
    > 265 |         expect(injectPositive(NUMBERS_1)).toEqual([1, 2, 3, 6]);
          |                                           ^
      266 |         expect(injectPositive(NUMBERS_2)).toEqual([100, 300, 200, 600]);
      267 |         expect(injectPositive(NUMBERS_3)).toEqual([5, 5]);
      268 |         expect(injectPositive(NUMBERS_4)).toEqual([0]);

      at Object.<anonymous> (src/arrays.test.ts:265:43)

PASS src/objects.test.ts
PASS src/HtmlCss.test.tsx
PASS src/functions.test.ts
PASS src/text.test.tsx
PASS src/App.test.tsx
----------------|---------|----------|---------|---------|-------------------
File            | % Stmts | % Branch | % Funcs | % Lines | Uncovered Line #s 
----------------|---------|----------|---------|---------|-------------------
All files       |   94.33 |     97.5 |   97.29 |   94.23 |                   
 src            |   94.33 |     97.5 |   97.29 |   94.23 |                   
  App.tsx       |     100 |      100 |     100 |     100 |                   
  arrays.ts     |    90.9 |    95.45 |      95 |   90.56 | 136-142           
  functions.ts  |     100 |      100 |     100 |     100 |                   
  objects.ts    |   95.83 |      100 |     100 |   95.83 | 55                
 src/interfaces |       0 |        0 |       0 |       0 |                   
  answer.ts     |       0 |        0 |       0 |       0 |                   
  question.ts   |       0 |        0 |       0 |       0 |                   
----------------|---------|----------|---------|---------|-------------------

Test Suites: 1 failed, 5 passed, 6 total
Tests:       1 failed, 32 passed, 33 total
Snapshots:   0 total
Time:        4.217 s
Ran all test suites.
